

     *****************************************************************
     *               FLUENT/CHEMKIN-CFD Release 20102                *
     *                       TRAN Application                        *
     *             TRANSPORT PROPERTIES FITTING PROGRAM              *
     *                 Copyright(c) 2022 ANSYS, Inc.                 *                
     *Run Date and Time: Jul 14, 2026   15:13:32     120 min from UTC*
     *****************************************************************


 H2              1    59.700     2.833     0.000     0.000     0.000
 CH4             1   264.478     4.226     0.000     0.000     1.000
 C2H6            2   300.418     4.786     0.000     0.000     1.000
 C3H8            2   311.392     5.134     0.000     0.000     1.000
 NC4H10          2   320.653     5.482     0.000     0.000     1.000
 BENZENE         1   276.894     4.657     0.000     0.000     1.000
 TOLUENE         2   299.911     5.034     0.000     0.000     1.000
 XYLENES         2   321.390     5.408     0.000     0.000     1.000
 NAPHTHALENE     1   286.531     5.007     0.000     0.000     1.000
 CHD14           2   405.606     5.614     0.000     0.000     1.000
 C2H4            2   291.560     4.650     0.000     0.000     1.000
 C3H6            2   315.442     5.024     0.000     0.000     1.000
 C4H6_1_3        2   329.484     5.260     0.000     0.000     1.000
 C4H8_1          2   325.036     5.371     0.000     0.000     1.000
 C4H8_2          2   336.982     5.395     0.000     0.000     1.000
 C5DIOL_1_4      2   337.788     5.608     0.000     0.000     1.000
 C5H10_1         2   333.055     5.721     0.000     0.000     1.000
 C5H10_2         2   344.620     5.743     0.000     0.000     1.000
 CPD             2   383.731     5.307     0.000     0.000     1.000
 ME-CPD          2   391.126     5.698     0.000     0.000     1.000
 STYRENE         2   317.551     5.278     0.000     0.000     1.000
 ME-INDENE       2   375.657     5.842     0.000     0.000     1.000
 NAROL-C11       2   395.286     6.131     0.000     0.000     1.000
 C4H6_1_2        2   343.318     5.194     0.000     0.000     1.000
 FULVENE         2   391.378     5.605     0.000     0.000     1.000
 C4H4            2   339.517     4.994     0.000     0.000     1.000
 CH2*CPENE       2   390.132     5.691     0.000     0.000     1.000
 C2H2            1   281.780     4.319     0.000     0.000     1.000
 C3H4_MA         2   324.625     4.760     0.000     0.000     1.000
 C3H4_PD         2   321.004     4.825     0.000     0.000     1.000
 H2O             2   809.100     2.641     0.000     1.760     4.000

 TRANSPORT LIBRARY WORKING SPACE REQUIREMENTS ARE
    INTEGER:        125
    REAL:         23065

